\BOOKMARK [0][-]{chapter.1}{\376\377\0001\000\040\000U\000v\000o\000d}{}% 1
\BOOKMARK [0][-]{chapter.2}{\376\377\0002\000\040\000T\000e\000o\000r\000i\000j\000s\000k\000i\000\040\000t\000e\000m\000e\000l\000j\000\040\000b\000a\000z\000e\000\040\000z\000n\000a\000n\000j\000a\000\040\000i\000\040\000p\000o\000s\000l\000o\000v\000n\000i\000h\000\040\000p\000r\000a\000v\000i\000l\000a}{}% 2
\BOOKMARK [1][-]{section.2.1}{\376\377\0002\000.\0001\000\040\000E\000k\000s\000p\000e\000r\000t\000n\000i\000\040\000s\000u\000s\000t\000a\000v\000i\000\040\000i\000\040\000b\000a\000z\000e\000\040\000z\000n\000a\000n\000j\000a}{chapter.2}% 3
\BOOKMARK [1][-]{section.2.2}{\376\377\0002\000.\0002\000\040\000P\000o\000s\000l\000o\000v\000n\000a\000\040\000p\000r\000a\000v\000i\000l\000a\000\040\000i\000\040\000z\000a\000k\000l\000j\000u\001\015\000i\000v\000a\000n\000j\000e}{chapter.2}% 4
\BOOKMARK [1][-]{section.2.3}{\376\377\0002\000.\0003\000\040\000L\000o\000g\000i\001\015\000k\000o\000\040\000p\000r\000o\000g\000r\000a\000m\000i\000r\000a\000n\000j\000e}{chapter.2}% 5
\BOOKMARK [1][-]{section.2.4}{\376\377\0002\000.\0004\000\040\000F\000l\000o\000r\000a\000-\0002\000\040\000k\000a\000o\000\040\000j\000e\000z\000i\000k\000\040\000z\000a\000\040\000b\000a\000z\000e\000\040\000z\000n\000a\000n\000j\000a}{chapter.2}% 6
\BOOKMARK [0][-]{chapter.3}{\376\377\0003\000\040\000K\000r\000i\000t\000i\001\015\000k\000i\000\040\000o\000s\000v\000r\000t\000\040\000n\000a\000\040\000p\000r\000a\000k\000t\000i\001\015\000n\000u\000\040\000i\000z\000v\000e\000d\000i\000v\000o\000s\000t\000\040\000i\000\040\000p\000r\000i\000m\000j\000e\000n\000u}{}% 7
\BOOKMARK [1][-]{section.3.1}{\376\377\0003\000.\0001\000\040\000P\000r\000e\000d\000n\000o\000s\000t\000i\000\040\000d\000e\000k\000l\000a\000r\000a\000t\000i\000v\000n\000o\000g\000\040\000p\000r\000i\000s\000t\000u\000p\000a}{chapter.3}% 8
\BOOKMARK [1][-]{section.3.2}{\376\377\0003\000.\0002\000\040\000O\000g\000r\000a\000n\000i\001\015\000e\000n\000j\000a\000\040\000i\000\040\000n\000e\000d\000o\000s\000t\000a\000c\000i}{chapter.3}% 9
\BOOKMARK [1][-]{section.3.3}{\376\377\0003\000.\0003\000\040\000P\000r\000i\000m\000j\000e\000n\000j\000i\000v\000o\000s\000t\000\040\000u\000\040\000s\000t\000v\000a\000r\000n\000i\000m\000\040\000s\000u\000s\000t\000a\000v\000i\000m\000a}{chapter.3}% 10
\BOOKMARK [0][-]{chapter.4}{\376\377\0004\000\040\000O\000p\000i\000s\000\040\000i\000m\000p\000l\000e\000m\000e\000n\000t\000a\000c\000i\000j\000e\000\040\000s\000u\000s\000t\000a\000v\000a}{}% 11
\BOOKMARK [1][-]{section.4.1}{\376\377\0004\000.\0001\000\040\000M\000o\000d\000e\000l\000i\000r\000a\000n\000j\000e\000\040\000o\000s\000n\000o\000v\000n\000i\000h\000\040\000e\000n\000t\000i\000t\000e\000t\000a}{chapter.4}% 12
\BOOKMARK [1][-]{section.4.2}{\376\377\0004\000.\0002\000\040\000U\000n\000o\000s\000\040\001\015\000i\000n\000j\000e\000n\000i\000c\000a\000\040\000u\000\040\000b\000a\000z\000u\000\040\000z\000n\000a\000n\000j\000a}{chapter.4}% 13
\BOOKMARK [1][-]{section.4.3}{\376\377\0004\000.\0003\000\040\000I\000m\000p\000l\000e\000m\000e\000n\000t\000a\000c\000i\000j\000a\000\040\000p\000o\000s\000l\000o\000v\000n\000i\000h\000\040\000p\000r\000a\000v\000i\000l\000a}{chapter.4}% 14
\BOOKMARK [1][-]{section.4.4}{\376\377\0004\000.\0004\000\040\000I\000z\000r\000a\001\015\000u\000n\000\040\000d\000e\000p\000o\000z\000i\000t\000a}{chapter.4}% 15
\BOOKMARK [1][-]{section.4.5}{\376\377\0004\000.\0005\000\040\000P\000r\000e\000d\000n\000o\000s\000t\000i\000\040\000i\000m\000p\000l\000e\000m\000e\000n\000t\000a\000c\000i\000j\000s\000k\000o\000g\000\040\000p\000r\000i\000s\000t\000u\000p\000a}{chapter.4}% 16
\BOOKMARK [0][-]{chapter.5}{\376\377\0005\000\040\000P\000r\000i\000k\000a\000z\000\040\000r\000a\000d\000a\000\040\000s\000u\000s\000t\000a\000v\000a}{}% 17
\BOOKMARK [1][-]{section.5.1}{\376\377\0005\000.\0001\000\040\000I\000z\000v\000r\001\141\000a\000v\000a\000n\000j\000e\000\040\000u\000p\000i\000t\000a\000\040\000n\000a\000d\000\040\000b\000a\000z\000o\000m\000\040\000z\000n\000a\000n\000j\000a}{chapter.5}% 18
\BOOKMARK [1][-]{section.5.2}{\376\377\0005\000.\0002\000\040\000P\000r\000i\000m\000j\000e\000r\000\040\000z\000a\000k\000l\000j\000u\001\015\000i\000v\000a\000n\000j\000a\000\040\040\023\000\040\000r\000a\000z\000l\000o\000g\000\040\000o\000d\000b\000i\000j\000a\000n\000j\000a}{chapter.5}% 19
\BOOKMARK [1][-]{section.5.3}{\376\377\0005\000.\0003\000\040\000O\000d\000r\000e\001\021\000i\000v\000a\000n\000j\000e\000\040\000d\000o\000d\000a\000t\000n\000i\000h\000\040\000u\000v\000j\000e\000t\000a\000\040\000i\000\040\000d\000e\000p\000o\000z\000i\000t\000a}{chapter.5}% 20
\BOOKMARK [1][-]{section.5.4}{\376\377\0005\000.\0004\000\040\000Z\000a\000k\000l\000j\000u\001\015\000a\000k\000\040\000p\000r\000i\000k\000a\000z\000a\000\040\000r\000a\000d\000a}{chapter.5}% 21
\BOOKMARK [0][-]{chapter.6}{\376\377\0006\000\040\000Z\000a\000k\000l\000j\000u\001\015\000a\000k}{}% 22
\BOOKMARK [0][-]{chapter*.6}{\376\377\000P\000o\000p\000i\000s\000\040\000l\000i\000t\000e\000r\000a\000t\000u\000r\000e}{}% 23
\BOOKMARK [0][-]{chapter*.7}{\376\377\000P\000o\000p\000i\000s\000\040\000i\000s\000j\000e\001\015\000a\000k\000a\000\040\000k\000o\000d\000a}{}% 24
